<?xml version="1.0" encoding="UTF-8"?>
<testsuite xmlns:xsi="http://www.w3.org/2001/XMLSchema-instance" xsi:noNamespaceSchemaLocation="https://maven.apache.org/surefire/maven-surefire-plugin/xsd/surefire-test-report.xsd" version="3.0.2" name="com.inditex.ecommerce.dao.PriceDaoTest" time="3.931" tests="2" errors="0" skipped="0" failures="0">
  <properties>
[...]
</properties>
  <testcase name="whenGetPrice_withDate20200614100000_returnResultWithPriceList1" classname="com.inditex.ecommerce.dao.PriceDaoTest" time="0.417">
    <system-out><![CDATA[
  .   ____          _            __ _ _
 /\\ / ___'_ __ _ _(_)_ __  __ _ \ \ \ \
( ( )\___ | '_ | '_| | '_ \/ _` | \ \ \ \
 \\/  ___)| |_)| | | | | || (_| |  ) ) ) )
  '  |____| .__|_| |_|_| |_\__, | / / / /
 =========|_|==============|___/=/_/_/_/

 :: Spring Boot ::                (v3.4.3)

2025-03-06T13:19:39.349+01:00  INFO 18500 --- [           main] com.inditex.ecommerce.dao.PriceDaoTest   : Starting PriceDaoTest using Java 21.0.6 with PID 18500 (started by Alberto in C:\Users\Alberto\Desktop\Trabajo\proyectosGit\Inditex-Price\price\dataaccess)
2025-03-06T13:19:39.351+01:00  INFO 18500 --- [           main] com.inditex.ecommerce.dao.PriceDaoTest   : No active profile set, falling back to 1 default profile: "default"
2025-03-06T13:19:39.634+01:00  INFO 18500 --- [           main] .s.d.r.c.RepositoryConfigurationDelegate : Bootstrapping Spring Data JPA repositories in DEFAULT mode.
2025-03-06T13:19:39.686+01:00  INFO 18500 --- [           main] .s.d.r.c.RepositoryConfigurationDelegate : Finished Spring Data repository scanning in 37 ms. Found 1 JPA repository interface.
2025-03-06T13:19:39.731+01:00  INFO 18500 --- [           main] beddedDataSourceBeanFactoryPostProcessor : Replacing 'dataSource' DataSource bean with embedded version
2025-03-06T13:19:39.876+01:00  INFO 18500 --- [           main] o.s.j.d.e.EmbeddedDatabaseFactory        : Starting embedded database: url='jdbc:h2:mem:5a22bc8f-fa45-4407-b379-d2bfc6656ee8;DB_CLOSE_DELAY=-1;DB_CLOSE_ON_EXIT=false', username='sa'
2025-03-06T13:19:40.120+01:00  INFO 18500 --- [           main] o.hibernate.jpa.internal.util.LogHelper  : HHH000204: Processing PersistenceUnitInfo [name: default]
2025-03-06T13:19:40.174+01:00  INFO 18500 --- [           main] org.hibernate.Version                    : HHH000412: Hibernate ORM core version 6.6.8.Final
2025-03-06T13:19:40.203+01:00  INFO 18500 --- [           main] o.h.c.internal.RegionFactoryInitiator    : HHH000026: Second-level cache disabled
2025-03-06T13:19:40.445+01:00  INFO 18500 --- [           main] o.s.o.j.p.SpringPersistenceUnitInfo      : No LoadTimeWeaver setup: ignoring JPA class transformer
2025-03-06T13:19:40.533+01:00  INFO 18500 --- [           main] org.hibernate.orm.connections.pooling    : HHH10001005: Database info:
	Database JDBC URL [Connecting through datasource 'org.springframework.jdbc.datasource.embedded.EmbeddedDatabaseFactory$EmbeddedDataSourceProxy@237b2852']
	Database driver: undefined/unknown
	Database version: 2.3.232
	Autocommit mode: undefined/unknown
	Isolation level: undefined/unknown
	Minimum pool size: undefined/unknown
	Maximum pool size: undefined/unknown
2025-03-06T13:19:41.257+01:00  INFO 18500 --- [           main] o.h.e.t.j.p.i.JtaPlatformInitiator       : HHH000489: No JTA platform available (set 'hibernate.transaction.jta.platform' to enable JTA platform integration)
Hibernate: drop table if exists price cascade 
Hibernate: create table price (brand_id integer not null, price float(53) not null, price_list integer not null, priority integer not null, product_id integer not null, end_date timestamp(6) not null, start_date timestamp(6) not null, curr varchar(45) not null, primary key (brand_id, priority, product_id))
2025-03-06T13:19:41.281+01:00  INFO 18500 --- [           main] j.LocalContainerEntityManagerFactoryBean : Initialized JPA EntityManagerFactory for persistence unit 'default'
2025-03-06T13:19:41.508+01:00  INFO 18500 --- [           main] o.s.d.j.r.query.QueryEnhancerFactory     : Hibernate is in classpath; If applicable, HQL parser will be used.
2025-03-06T13:19:42.285+01:00  INFO 18500 --- [           main] com.inditex.ecommerce.dao.PriceDaoTest   : Started PriceDaoTest in 3.234 seconds (process running for 3.924)
Hibernate: select pe1_0.brand_id,pe1_0.priority,pe1_0.product_id,pe1_0.curr,pe1_0.end_date,pe1_0.price,pe1_0.price_list,pe1_0.start_date from price pe1_0 where (? is null or (? is not null and pe1_0.start_date<=? and pe1_0.end_date>=?)) and (? is null or pe1_0.product_id=?) and (? is null or pe1_0.brand_id=?) order by pe1_0.price_list desc fetch first 1 rows only
]]></system-out>
    <system-err><![CDATA[Mockito is currently self-attaching to enable the inline-mock-maker. This will no longer work in future releases of the JDK. Please add Mockito as an agent to your build what is described in Mockito's documentation: https://javadoc.io/doc/org.mockito/mockito-core/latest/org/mockito/Mockito.html#0.3
WARNING: A Java agent has been loaded dynamically (C:\Users\Alberto\.m2\repository\net\bytebuddy\byte-buddy-agent\1.15.11\byte-buddy-agent-1.15.11.jar)
WARNING: If a serviceability tool is in use, please run with -XX:+EnableDynamicAgentLoading to hide this warning
WARNING: If a serviceability tool is not in use, please run with -Djdk.instrument.traceUsage for more information
WARNING: Dynamic loading of agents will be disallowed by default in a future release
]]></system-err>
  </testcase>
  <testcase name="whenGetPrice_withDate20200614160000_returnResultWithPriceList2" classname="com.inditex.ecommerce.dao.PriceDaoTest" time="0.006">
    <system-out><![CDATA[Hibernate: select pe1_0.brand_id,pe1_0.priority,pe1_0.product_id,pe1_0.curr,pe1_0.end_date,pe1_0.price,pe1_0.price_list,pe1_0.start_date from price pe1_0 where (? is null or (? is not null and pe1_0.start_date<=? and pe1_0.end_date>=?)) and (? is null or pe1_0.product_id=?) and (? is null or pe1_0.brand_id=?) order by pe1_0.price_list desc fetch first 1 rows only
]]></system-out>
  </testcase>
</testsuite>